<?xml version="1.0" encoding="UTF-8"?>
<testsuite xmlns:xsi="http://www.w3.org/2001/XMLSchema-instance" xsi:noNamespaceSchemaLocation="https://maven.apache.org/surefire/maven-surefire-plugin/xsd/surefire-test-report-3.0.xsd" version="3.0" name="top.testeru.wechat.WeWorkAuthTest" time="10.157" tests="1" errors="1" skipped="0" failures="0">
  <properties>
[...]
</properties>
  <testcase name="getCookieTest" classname="top.testeru.wechat.WeWorkAuthTest" time="10.099">
    <error type="java.lang.NullPointerException"><![CDATA[java.lang.NullPointerException
	at top.testeru.wechat.WeWorkAuthTest.getCookieTest(WeWorkAuthTest.java:60)
]]></error>
  </testcase>
</testsuite>