-------------------------------------------------------------------------------
Test set: top.testeru.wechat.WeWorkAuthTest
-------------------------------------------------------------------------------
Tests run: 1, Failures: 0, Errors: 1, Skipped: 0, Time elapsed: 10.157 s <<< FAILURE! - in top.testeru.wechat.WeWorkAuthTest
top.testeru.wechat.WeWorkAuthTest.getCookieTest  Time elapsed: 10.099 s  <<< ERROR!
java.lang.NullPointerException
	at top.testeru.wechat.WeWorkAuthTest.getCookieTest(WeWorkAuthTest.java:60)

